2021-12-09 09:29:38,760 INFO org.apache.juli.logging.DirectJDKLog [restartedMain] Initializing Spring embedded WebApplicationContext
2021-12-09 09:29:38,766 INFO org.springframework.boot.web.servlet.context.ServletWebServerApplicationContext [restartedMain] Root WebApplicationContext: initialization completed in 1958 ms
2021-12-09 09:29:38,908 INFO org.hibernate.jpa.internal.util.LogHelper [restartedMain] HHH000204: Processing PersistenceUnitInfo [name: default]
2021-12-09 09:29:38,964 INFO org.hibernate.Version [restartedMain] HHH000412: Hibernate ORM core version 5.4.32.Final
2021-12-09 09:29:39,120 INFO org.hibernate.annotations.common.reflection.java.JavaReflectionManager [restartedMain] HCANN000001: Hibernate Commons Annotations {5.1.2.Final}
2021-12-09 09:29:39,235 INFO com.zaxxer.hikari.HikariDataSource [restartedMain] HikariPool-1 - Starting...
2021-12-09 09:29:39,415 INFO com.zaxxer.hikari.HikariDataSource [restartedMain] HikariPool-1 - Start completed.
2021-12-09 09:29:39,452 INFO org.hibernate.dialect.Dialect [restartedMain] HHH000400: Using dialect: org.hibernate.dialect.PostgreSQL10Dialect
2021-12-09 09:29:40,381 INFO org.hibernate.engine.transaction.jta.platform.internal.JtaPlatformInitiator [restartedMain] HHH000490: Using JtaPlatform implementation: [org.hibernate.engine.transaction.jta.platform.internal.NoJtaPlatform]
2021-12-09 09:29:40,391 INFO org.springframework.orm.jpa.AbstractEntityManagerFactoryBean [restartedMain] Initialized JPA EntityManagerFactory for persistence unit 'default'
2021-12-09 09:29:41,260 WARN org.springframework.boot.autoconfigure.orm.jpa.JpaBaseConfiguration$JpaWebConfiguration [restartedMain] spring.jpa.open-in-view is enabled by default. Therefore, database queries may be performed during view rendering. Explicitly configure spring.jpa.open-in-view to disable this warning
2021-12-09 09:29:41,567 INFO org.springframework.boot.devtools.autoconfigure.OptionalLiveReloadServer [restartedMain] LiveReload server is running on port 35729
2021-12-09 09:29:41,840 INFO org.apache.juli.logging.DirectJDKLog [restartedMain] Starting ProtocolHandler ["http-nio-9091"]
2021-12-09 09:29:41,859 INFO org.springframework.boot.web.embedded.tomcat.TomcatWebServer [restartedMain] Tomcat started on port(s): 9091 (http) with context path '/api/v1/banco'
2021-12-09 09:29:42,132 INFO org.springframework.boot.StartupInfoLogger [restartedMain] Started PerfilBancoRestApplication in 5.806 seconds (JVM running for 7.037)
2021-12-09 09:29:46,701 INFO org.apache.juli.logging.DirectJDKLog [http-nio-9091-exec-1] Initializing Spring DispatcherServlet 'dispatcherServlet'
2021-12-09 09:29:46,701 INFO org.springframework.web.servlet.FrameworkServlet [http-nio-9091-exec-1] Initializing Servlet 'dispatcherServlet'
2021-12-09 09:29:46,703 INFO org.springframework.web.servlet.FrameworkServlet [http-nio-9091-exec-1] Completed initialization in 2 ms
2021-12-09 09:29:53,948 INFO org.springframework.boot.admin.SpringApplicationAdminMXBeanRegistrar$SpringApplicationAdmin [RMI TCP Connection(8)-127.0.0.1] Application shutdown requested.
2021-12-09 09:29:54,165 INFO org.springframework.orm.jpa.AbstractEntityManagerFactoryBean [RMI TCP Connection(8)-127.0.0.1] Closing JPA EntityManagerFactory for persistence unit 'default'
2021-12-09 09:29:54,169 INFO com.zaxxer.hikari.HikariDataSource [RMI TCP Connection(8)-127.0.0.1] HikariPool-1 - Shutdown initiated...
2021-12-09 09:29:54,179 INFO com.zaxxer.hikari.HikariDataSource [RMI TCP Connection(8)-127.0.0.1] HikariPool-1 - Shutdown completed.
