2021-12-09 15:07:24,105 INFO org.apache.juli.logging.DirectJDKLog [restartedMain] Starting ProtocolHandler ["http-nio-9091"]
2021-12-09 15:07:24,126 INFO org.springframework.boot.web.embedded.tomcat.TomcatWebServer [restartedMain] Tomcat started on port(s): 9091 (http) with context path '/api/v1/banco'
2021-12-09 15:07:24,198 INFO org.apache.juli.logging.DirectJDKLog [http-nio-9091-exec-1] Initializing Spring DispatcherServlet 'dispatcherServlet'
2021-12-09 15:07:24,198 INFO org.springframework.web.servlet.FrameworkServlet [http-nio-9091-exec-1] Initializing Servlet 'dispatcherServlet'
2021-12-09 15:07:24,199 INFO org.springframework.web.servlet.FrameworkServlet [http-nio-9091-exec-1] Completed initialization in 1 ms
2021-12-09 15:07:24,418 INFO org.springframework.boot.StartupInfoLogger [restartedMain] Started PerfilBancoRestApplication in 5.925 seconds (JVM running for 7.218)
2021-12-09 15:07:43,737 WARN org.springframework.web.servlet.handler.AbstractHandlerExceptionResolver [http-nio-9091-exec-2] Resolved [org.springframework.web.HttpRequestMethodNotSupportedException: Request method 'GET' not supported]
2021-12-09 15:07:46,031 WARN org.springframework.web.servlet.handler.AbstractHandlerExceptionResolver [http-nio-9091-exec-9] Resolved [org.springframework.web.HttpRequestMethodNotSupportedException: Request method 'GET' not supported]
2021-12-09 15:09:31,306 INFO org.springframework.boot.admin.SpringApplicationAdminMXBeanRegistrar$SpringApplicationAdmin [RMI TCP Connection(10)-127.0.0.1] Application shutdown requested.
2021-12-09 15:09:31,532 INFO org.springframework.orm.jpa.AbstractEntityManagerFactoryBean [RMI TCP Connection(10)-127.0.0.1] Closing JPA EntityManagerFactory for persistence unit 'default'
2021-12-09 15:09:31,537 INFO com.zaxxer.hikari.HikariDataSource [RMI TCP Connection(10)-127.0.0.1] HikariPool-1 - Shutdown initiated...
2021-12-09 15:09:31,546 INFO com.zaxxer.hikari.HikariDataSource [RMI TCP Connection(10)-127.0.0.1] HikariPool-1 - Shutdown completed.
2021-12-09 15:47:00,137 INFO org.hibernate.validator.internal.util.Version [background-preinit] HV000001: Hibernate Validator 6.2.0.Final
2021-12-09 15:47:00,143 INFO org.springframework.boot.StartupInfoLogger [restartedMain] Starting PerfilBancoRestApplication using Java 11.0.2 on DESKTOP-78DQFMN with PID 17120 (C:\Users\Lenovo\Documents\workspace-spring-tool-suite-4-4.12.1.RELEASE\PerfilBancoREST\target\classes started by Lenovo in C:\Users\Lenovo\Documents\workspace-spring-tool-suite-4-4.12.1.RELEASE\PerfilBancoREST)
2021-12-09 15:47:00,144 INFO org.springframework.boot.SpringApplication [restartedMain] No active profile set, falling back to default profiles: default
2021-12-09 15:47:00,196 INFO org.springframework.boot.logging.DeferredLog [restartedMain] Devtools property defaults active! Set 'spring.devtools.add-properties' to 'false' to disable
2021-12-09 15:47:00,196 INFO org.springframework.boot.logging.DeferredLog [restartedMain] For additional web related logging consider setting the 'logging.level.web' property to 'DEBUG'
2021-12-09 15:47:01,239 INFO org.springframework.data.repository.config.RepositoryConfigurationDelegate [restartedMain] Bootstrapping Spring Data JPA repositories in DEFAULT mode.
2021-12-09 15:47:01,297 INFO org.springframework.data.repository.config.RepositoryConfigurationDelegate [restartedMain] Finished Spring Data repository scanning in 48 ms. Found 2 JPA repository interfaces.
2021-12-09 15:47:01,980 INFO org.springframework.boot.web.embedded.tomcat.TomcatWebServer [restartedMain] Tomcat initialized with port(s): 9091 (http)
2021-12-09 15:47:01,996 INFO org.apache.juli.logging.DirectJDKLog [restartedMain] Initializing ProtocolHandler ["http-nio-9091"]
2021-12-09 15:47:01,997 INFO org.apache.juli.logging.DirectJDKLog [restartedMain] Starting service [Tomcat]
2021-12-09 15:47:01,997 INFO org.apache.juli.logging.DirectJDKLog [restartedMain] Starting Servlet engine: [Apache Tomcat/9.0.55]
2021-12-09 15:47:02,092 INFO org.apache.juli.logging.DirectJDKLog [restartedMain] Initializing Spring embedded WebApplicationContext
2021-12-09 15:47:02,092 INFO org.springframework.boot.web.servlet.context.ServletWebServerApplicationContext [restartedMain] Root WebApplicationContext: initialization completed in 1895 ms
2021-12-09 15:47:02,258 INFO org.hibernate.jpa.internal.util.LogHelper [restartedMain] HHH000204: Processing PersistenceUnitInfo [name: default]
2021-12-09 15:47:02,331 INFO org.hibernate.Version [restartedMain] HHH000412: Hibernate ORM core version 5.4.32.Final
2021-12-09 15:47:02,473 INFO org.hibernate.annotations.common.reflection.java.JavaReflectionManager [restartedMain] HCANN000001: Hibernate Commons Annotations {5.1.2.Final}
2021-12-09 15:47:02,691 INFO com.zaxxer.hikari.HikariDataSource [restartedMain] HikariPool-1 - Starting...
2021-12-09 15:47:02,911 INFO com.zaxxer.hikari.HikariDataSource [restartedMain] HikariPool-1 - Start completed.
2021-12-09 15:47:03,010 INFO org.hibernate.dialect.Dialect [restartedMain] HHH000400: Using dialect: org.hibernate.dialect.PostgreSQL10Dialect
2021-12-09 15:47:03,983 INFO org.hibernate.engine.transaction.jta.platform.internal.JtaPlatformInitiator [restartedMain] HHH000490: Using JtaPlatform implementation: [org.hibernate.engine.transaction.jta.platform.internal.NoJtaPlatform]
2021-12-09 15:47:03,995 INFO org.springframework.orm.jpa.AbstractEntityManagerFactoryBean [restartedMain] Initialized JPA EntityManagerFactory for persistence unit 'default'
2021-12-09 15:47:04,846 WARN org.springframework.boot.autoconfigure.orm.jpa.JpaBaseConfiguration$JpaWebConfiguration [restartedMain] spring.jpa.open-in-view is enabled by default. Therefore, database queries may be performed during view rendering. Explicitly configure spring.jpa.open-in-view to disable this warning
2021-12-09 15:47:05,110 INFO org.springframework.boot.devtools.autoconfigure.OptionalLiveReloadServer [restartedMain] LiveReload server is running on port 35729
2021-12-09 15:47:05,295 INFO org.apache.juli.logging.DirectJDKLog [restartedMain] Starting ProtocolHandler ["http-nio-9091"]
2021-12-09 15:47:05,328 INFO org.springframework.boot.web.embedded.tomcat.TomcatWebServer [restartedMain] Tomcat started on port(s): 9091 (http) with context path '/api/v1/banco'
